2021-04-24 10:17:38,885 INFO o.a.j.u.JMeterUtils: Setting Locale to es_ES
2021-04-24 10:17:38,898 INFO o.a.j.u.JMeterUtils: Could not find resources for 'es_ES', using 'es'
2021-04-24 10:17:38,898 INFO o.a.j.JMeter: Loading user properties from: /home/jesus99/Escritorio/SI2-buena/SI2/P2/apache-jmeter-5.2.1/bin/user.properties
2021-04-24 10:17:38,899 INFO o.a.j.JMeter: Loading system properties from: /home/jesus99/Escritorio/SI2-buena/SI2/P2/apache-jmeter-5.2.1/bin/system.properties
2021-04-24 10:17:38,900 INFO o.a.j.JMeter: Copyright (c) 1998-2019 The Apache Software Foundation
2021-04-24 10:17:38,900 INFO o.a.j.JMeter: Version 5.2.1
2021-04-24 10:17:38,900 INFO o.a.j.JMeter: java.version=1.8.0_282
2021-04-24 10:17:38,900 INFO o.a.j.JMeter: java.vm.name=OpenJDK 64-Bit Server VM
2021-04-24 10:17:38,900 INFO o.a.j.JMeter: os.name=Linux
2021-04-24 10:17:38,900 INFO o.a.j.JMeter: os.arch=amd64
2021-04-24 10:17:38,900 INFO o.a.j.JMeter: os.version=5.4.0-72-generic
2021-04-24 10:17:38,900 INFO o.a.j.JMeter: file.encoding=UTF-8
2021-04-24 10:17:38,901 INFO o.a.j.JMeter: java.awt.headless=null
2021-04-24 10:17:38,901 INFO o.a.j.JMeter: Max memory     =1828716544
2021-04-24 10:17:38,901 INFO o.a.j.JMeter: Available Processors =8
2021-04-24 10:17:38,906 INFO o.a.j.JMeter: Default Locale=espa単ol (Espa単a)
2021-04-24 10:17:38,906 INFO o.a.j.JMeter: JMeter  Locale=espa単ol (Espa単a)
2021-04-24 10:17:38,906 INFO o.a.j.JMeter: JMeterHome=/home/jesus99/Escritorio/SI2-buena/SI2/P2/apache-jmeter-5.2.1
2021-04-24 10:17:38,906 INFO o.a.j.JMeter: user.dir  =/home/jesus99/Escritorio/SI2-buena/SI2/P2
2021-04-24 10:17:38,906 INFO o.a.j.JMeter: PWD       =/home/jesus99/Escritorio/SI2-buena/SI2/P2
2021-04-24 10:17:38,906 INFO o.a.j.JMeter: IP: 127.0.1.1 Name: jesus99-TM1701 FullName: jesus99-TM1701
2021-04-24 10:17:39,085 INFO o.a.j.g.a.LookAndFeelCommand: Installing Darcula LAF
2021-04-24 10:17:39,110 INFO o.a.j.g.a.LookAndFeelCommand: Using look and feel: com.bulenkov.darcula.DarculaLaf [Darcula]
2021-04-24 10:17:39,110 INFO o.a.j.JMeter: Setting LAF to: com.bulenkov.darcula.DarculaLaf
2021-04-24 10:17:39,180 INFO o.a.j.JMeter: Loaded icon properties from org/apache/jmeter/images/icon.properties
2021-04-24 10:17:40,537 INFO o.a.j.p.h.s.HTTPSamplerBase: Parser for text/html is org.apache.jmeter.protocol.http.parser.LagartoBasedHtmlParser
2021-04-24 10:17:40,537 INFO o.a.j.p.h.s.HTTPSamplerBase: Parser for application/xhtml+xml is org.apache.jmeter.protocol.http.parser.LagartoBasedHtmlParser
2021-04-24 10:17:40,538 INFO o.a.j.p.h.s.HTTPSamplerBase: Parser for application/xml is org.apache.jmeter.protocol.http.parser.LagartoBasedHtmlParser
2021-04-24 10:17:40,538 INFO o.a.j.p.h.s.HTTPSamplerBase: Parser for text/xml is org.apache.jmeter.protocol.http.parser.LagartoBasedHtmlParser
2021-04-24 10:17:40,538 INFO o.a.j.p.h.s.HTTPSamplerBase: Parser for text/vnd.wap.wml is org.apache.jmeter.protocol.http.parser.RegexpHTMLParser
2021-04-24 10:17:40,538 INFO o.a.j.p.h.s.HTTPSamplerBase: Parser for text/css is org.apache.jmeter.protocol.http.parser.CssParser
2021-04-24 10:17:40,805 INFO o.a.j.e.KeyToolUtils: keytool found at 'keytool'
2021-04-24 10:17:40,805 INFO o.a.j.p.h.p.ProxyControl: HTTP(S) Test Script Recorder SSL Proxy will use keys that support embedded 3rd party resources in file /home/jesus99/Escritorio/SI2-buena/SI2/P2/apache-jmeter-5.2.1/bin/proxyserver.jks
2021-04-24 10:17:40,898 INFO o.a.j.s.FileServer: Default base='/home/jesus99/Escritorio/SI2-buena/SI2/P2'
2021-04-24 10:17:41,149 INFO o.a.j.s.SampleResult: Note: Sample TimeStamps are START times
2021-04-24 10:17:41,149 INFO o.a.j.s.SampleResult: sampleresult.default.encoding is set to ISO-8859-1
2021-04-24 10:17:41,149 INFO o.a.j.s.SampleResult: sampleresult.useNanoTime=true
2021-04-24 10:17:41,149 INFO o.a.j.s.SampleResult: sampleresult.nanoThreadSleep=5000
2021-04-24 10:17:41,164 INFO o.a.j.v.ViewResultsFullVisualizer: Add JavaFX to your Java installation if you want to use renderer: org.apache.jmeter.visualizers.RenderInBrowser
2021-04-24 10:17:50,167 INFO o.a.j.u.JMeterUtils: Setting Locale to en
2021-04-24 10:17:57,940 INFO o.a.j.g.a.Load: Loading file: /home/jesus99/Escritorio/SI2-buena/SI2/P2/archivosP2/P2.jmx
2021-04-24 10:17:57,940 INFO o.a.j.s.FileServer: Set new base='/home/jesus99/Escritorio/SI2-buena/SI2/P2/archivosP2'
2021-04-24 10:17:58,050 INFO o.a.j.s.SaveService: Testplan (JMX) version: 2.2. Testlog (JTL) version: 2.2
2021-04-24 10:17:58,054 INFO o.a.j.s.SaveService: Using SaveService properties file encoding UTF-8
2021-04-24 10:17:58,056 INFO o.a.j.s.SaveService: Using SaveService properties version 5.0
2021-04-24 10:17:58,058 INFO o.a.j.s.SaveService: Loading file: /home/jesus99/Escritorio/SI2-buena/SI2/P2/archivosP2/P2.jmx
2021-04-24 10:17:58,190 INFO o.a.j.v.ViewResultsFullVisualizer: Add JavaFX to your Java installation if you want to use renderer: org.apache.jmeter.visualizers.RenderInBrowser
2021-04-24 10:17:58,222 INFO o.a.j.s.FileServer: Set new base='/home/jesus99/Escritorio/SI2-buena/SI2/P2/archivosP2'
