2021-05-03 20:39:31,605 INFO o.a.j.u.JMeterUtils: Setting Locale to es_ES
2021-05-03 20:39:31,618 INFO o.a.j.u.JMeterUtils: Could not find resources for 'es_ES', using 'es'
2021-05-03 20:39:31,618 INFO o.a.j.JMeter: Loading user properties from: /home/jesus99/apache-jmeter-5.2.1/bin/user.properties
2021-05-03 20:39:31,618 INFO o.a.j.JMeter: Loading system properties from: /home/jesus99/apache-jmeter-5.2.1/bin/system.properties
2021-05-03 20:39:31,619 INFO o.a.j.JMeter: Copyright (c) 1998-2019 The Apache Software Foundation
2021-05-03 20:39:31,619 INFO o.a.j.JMeter: Version 5.2.1
2021-05-03 20:39:31,620 INFO o.a.j.JMeter: java.version=1.8.0_282
2021-05-03 20:39:31,620 INFO o.a.j.JMeter: java.vm.name=OpenJDK 64-Bit Server VM
2021-05-03 20:39:31,620 INFO o.a.j.JMeter: os.name=Linux
2021-05-03 20:39:31,620 INFO o.a.j.JMeter: os.arch=amd64
2021-05-03 20:39:31,620 INFO o.a.j.JMeter: os.version=5.4.0-72-generic
2021-05-03 20:39:31,620 INFO o.a.j.JMeter: file.encoding=UTF-8
2021-05-03 20:39:31,620 INFO o.a.j.JMeter: java.awt.headless=null
2021-05-03 20:39:31,620 INFO o.a.j.JMeter: Max memory     =1828716544
2021-05-03 20:39:31,620 INFO o.a.j.JMeter: Available Processors =8
2021-05-03 20:39:31,625 INFO o.a.j.JMeter: Default Locale=espa単ol (Espa単a)
2021-05-03 20:39:31,625 INFO o.a.j.JMeter: JMeter  Locale=espa単ol (Espa単a)
2021-05-03 20:39:31,625 INFO o.a.j.JMeter: JMeterHome=/home/jesus99/apache-jmeter-5.2.1
2021-05-03 20:39:31,625 INFO o.a.j.JMeter: user.dir  =/home/jesus99/Escritorio/SIPractica/PracticaSI2/P3
2021-05-03 20:39:31,625 INFO o.a.j.JMeter: PWD       =/home/jesus99/Escritorio/SIPractica/PracticaSI2/P3
2021-05-03 20:39:31,626 INFO o.a.j.JMeter: IP: 127.0.1.1 Name: jesus99-TM1701 FullName: jesus99-TM1701
2021-05-03 20:39:31,896 INFO o.a.j.g.a.LookAndFeelCommand: Installing Darcula LAF
2021-05-03 20:39:31,918 INFO o.a.j.g.a.LookAndFeelCommand: Using look and feel: com.bulenkov.darcula.DarculaLaf [Darcula]
2021-05-03 20:39:31,918 INFO o.a.j.JMeter: Setting LAF to: com.bulenkov.darcula.DarculaLaf
2021-05-03 20:39:31,997 INFO o.a.j.JMeter: Loaded icon properties from org/apache/jmeter/images/icon.properties
2021-05-03 20:39:33,542 INFO o.a.j.p.h.s.HTTPSamplerBase: Parser for text/html is org.apache.jmeter.protocol.http.parser.LagartoBasedHtmlParser
2021-05-03 20:39:33,543 INFO o.a.j.p.h.s.HTTPSamplerBase: Parser for application/xhtml+xml is org.apache.jmeter.protocol.http.parser.LagartoBasedHtmlParser
2021-05-03 20:39:33,543 INFO o.a.j.p.h.s.HTTPSamplerBase: Parser for application/xml is org.apache.jmeter.protocol.http.parser.LagartoBasedHtmlParser
2021-05-03 20:39:33,543 INFO o.a.j.p.h.s.HTTPSamplerBase: Parser for text/xml is org.apache.jmeter.protocol.http.parser.LagartoBasedHtmlParser
2021-05-03 20:39:33,543 INFO o.a.j.p.h.s.HTTPSamplerBase: Parser for text/vnd.wap.wml is org.apache.jmeter.protocol.http.parser.RegexpHTMLParser
2021-05-03 20:39:33,543 INFO o.a.j.p.h.s.HTTPSamplerBase: Parser for text/css is org.apache.jmeter.protocol.http.parser.CssParser
2021-05-03 20:39:33,816 INFO o.a.j.e.KeyToolUtils: keytool found at 'keytool'
2021-05-03 20:39:33,817 INFO o.a.j.p.h.p.ProxyControl: HTTP(S) Test Script Recorder SSL Proxy will use keys that support embedded 3rd party resources in file /home/jesus99/apache-jmeter-5.2.1/bin/proxyserver.jks
2021-05-03 20:39:33,925 INFO o.a.j.s.FileServer: Default base='/home/jesus99/Escritorio/SIPractica/PracticaSI2/P3'
2021-05-03 20:39:34,201 INFO o.a.j.s.SampleResult: Note: Sample TimeStamps are START times
2021-05-03 20:39:34,201 INFO o.a.j.s.SampleResult: sampleresult.default.encoding is set to ISO-8859-1
2021-05-03 20:39:34,201 INFO o.a.j.s.SampleResult: sampleresult.useNanoTime=true
2021-05-03 20:39:34,202 INFO o.a.j.s.SampleResult: sampleresult.nanoThreadSleep=5000
2021-05-03 20:39:34,220 INFO o.a.j.v.ViewResultsFullVisualizer: Add JavaFX to your Java installation if you want to use renderer: org.apache.jmeter.visualizers.RenderInBrowser
2021-05-03 20:39:40,816 INFO o.a.j.u.JMeterUtils: Setting Locale to en
2021-05-03 20:39:49,492 INFO o.a.j.g.a.Load: Loading file: /home/jesus99/Escritorio/SIPractica/PracticaSI2/P3/P3.jmx
2021-05-03 20:39:49,492 INFO o.a.j.s.FileServer: Set new base='/home/jesus99/Escritorio/SIPractica/PracticaSI2/P3'
2021-05-03 20:39:49,611 INFO o.a.j.s.SaveService: Testplan (JMX) version: 2.2. Testlog (JTL) version: 2.2
2021-05-03 20:39:49,615 INFO o.a.j.s.SaveService: Using SaveService properties file encoding UTF-8
2021-05-03 20:39:49,616 INFO o.a.j.s.SaveService: Using SaveService properties version 5.0
2021-05-03 20:39:49,619 INFO o.a.j.s.SaveService: Loading file: /home/jesus99/Escritorio/SIPractica/PracticaSI2/P3/P3.jmx
2021-05-03 20:39:49,731 INFO o.a.j.v.ViewResultsFullVisualizer: Add JavaFX to your Java installation if you want to use renderer: org.apache.jmeter.visualizers.RenderInBrowser
2021-05-03 20:39:49,753 INFO o.a.j.s.FileServer: Set new base='/home/jesus99/Escritorio/SIPractica/PracticaSI2/P3'
2021-05-03 20:46:22,683 INFO o.a.j.e.StandardJMeterEngine: Running the test!
2021-05-03 20:46:22,684 INFO o.a.j.s.SampleEvent: List of sample_variables: []
2021-05-03 20:46:22,684 INFO o.a.j.s.SampleEvent: List of sample_variables: []
2021-05-03 20:46:22,685 INFO o.a.j.e.u.CompoundVariable: Note: Function class names must contain the string: '.functions.'
2021-05-03 20:46:22,685 INFO o.a.j.e.u.CompoundVariable: Note: Function class names must not contain the string: '.gui.'
2021-05-03 20:46:22,877 INFO o.a.j.g.u.JMeterMenuBar: setRunning(true, *local*)
2021-05-03 20:46:23,013 INFO o.a.j.e.StandardJMeterEngine: Starting ThreadGroup: 1 : P1-base
2021-05-03 20:46:23,013 INFO o.a.j.e.StandardJMeterEngine: Starting 1 threads for group P1-base.
2021-05-03 20:46:23,013 INFO o.a.j.e.StandardJMeterEngine: Thread will continue on error
2021-05-03 20:46:23,013 INFO o.a.j.t.ThreadGroup: Starting thread group... number=1 threads=1 ramp-up=5 delayedStart=false
2021-05-03 20:46:23,016 INFO o.a.j.t.ThreadGroup: Started thread group number 1
2021-05-03 20:46:23,016 INFO o.a.j.e.StandardJMeterEngine: All thread groups have been started
2021-05-03 20:46:23,018 INFO o.a.j.t.JMeterThread: Thread started: P1-base 1-1
2021-05-03 20:46:23,020 INFO o.a.j.s.FileServer: Stored: datagen/listado.csv
2021-05-03 20:46:23,021 ERROR o.a.j.t.JMeterThread: Test failed!
java.lang.IllegalArgumentException: File listado.csv must exist and be readable
	at org.apache.jmeter.services.FileServer.createBufferedReader(FileServer.java:425) ~[ApacheJMeter_core.jar:5.2.1]
	at org.apache.jmeter.services.FileServer.readLine(FileServer.java:341) ~[ApacheJMeter_core.jar:5.2.1]
	at org.apache.jmeter.config.CSVDataSet.iterationStart(CSVDataSet.java:211) ~[ApacheJMeter_components.jar:5.2.1]
	at org.apache.jmeter.control.GenericController.fireIterationStart(GenericController.java:399) ~[ApacheJMeter_core.jar:5.2.1]
	at org.apache.jmeter.control.GenericController.fireIterEvents(GenericController.java:391) ~[ApacheJMeter_core.jar:5.2.1]
	at org.apache.jmeter.control.GenericController.next(GenericController.java:160) ~[ApacheJMeter_core.jar:5.2.1]
	at org.apache.jmeter.control.LoopController.next(LoopController.java:135) ~[ApacheJMeter_core.jar:5.2.1]
	at org.apache.jmeter.threads.AbstractThreadGroup.next(AbstractThreadGroup.java:92) ~[ApacheJMeter_core.jar:5.2.1]
	at org.apache.jmeter.threads.JMeterThread.run(JMeterThread.java:255) [ApacheJMeter_core.jar:5.2.1]
	at java.lang.Thread.run(Thread.java:748) [?:1.8.0_282]
2021-05-03 20:46:23,025 INFO o.a.j.t.JMeterThread: Thread finished: P1-base 1-1
2021-05-03 20:46:23,025 INFO o.a.j.e.StandardJMeterEngine: Notifying test listeners of end of test
2021-05-03 20:46:23,025 INFO o.a.j.g.u.JMeterMenuBar: setRunning(false, *local*)
2021-05-03 20:47:32,840 INFO o.a.j.e.StandardJMeterEngine: Running the test!
2021-05-03 20:47:32,841 INFO o.a.j.s.SampleEvent: List of sample_variables: []
2021-05-03 20:47:32,843 INFO o.a.j.g.u.JMeterMenuBar: setRunning(true, *local*)
2021-05-03 20:47:32,857 INFO o.a.j.e.StandardJMeterEngine: Starting ThreadGroup: 1 : P3
2021-05-03 20:47:32,858 INFO o.a.j.e.StandardJMeterEngine: Starting 1 threads for group P3.
2021-05-03 20:47:32,858 INFO o.a.j.e.StandardJMeterEngine: Thread will continue on error
2021-05-03 20:47:32,858 INFO o.a.j.t.ThreadGroup: Starting thread group... number=1 threads=1 ramp-up=5 delayedStart=false
2021-05-03 20:47:32,859 INFO o.a.j.t.ThreadGroup: Started thread group number 1
2021-05-03 20:47:32,859 INFO o.a.j.e.StandardJMeterEngine: All thread groups have been started
2021-05-03 20:47:32,859 INFO o.a.j.t.JMeterThread: Thread started: P3 1-1
2021-05-03 20:47:32,860 INFO o.a.j.s.FileServer: Stored: datagen/listado.csv
2021-05-03 20:47:32,860 ERROR o.a.j.t.JMeterThread: Test failed!
java.lang.IllegalArgumentException: File listado.csv must exist and be readable
	at org.apache.jmeter.services.FileServer.createBufferedReader(FileServer.java:425) ~[ApacheJMeter_core.jar:5.2.1]
	at org.apache.jmeter.services.FileServer.readLine(FileServer.java:341) ~[ApacheJMeter_core.jar:5.2.1]
	at org.apache.jmeter.config.CSVDataSet.iterationStart(CSVDataSet.java:211) ~[ApacheJMeter_components.jar:5.2.1]
	at org.apache.jmeter.control.GenericController.fireIterationStart(GenericController.java:399) ~[ApacheJMeter_core.jar:5.2.1]
	at org.apache.jmeter.control.GenericController.fireIterEvents(GenericController.java:391) ~[ApacheJMeter_core.jar:5.2.1]
	at org.apache.jmeter.control.GenericController.next(GenericController.java:160) ~[ApacheJMeter_core.jar:5.2.1]
	at org.apache.jmeter.control.LoopController.next(LoopController.java:135) ~[ApacheJMeter_core.jar:5.2.1]
	at org.apache.jmeter.threads.AbstractThreadGroup.next(AbstractThreadGroup.java:92) ~[ApacheJMeter_core.jar:5.2.1]
	at org.apache.jmeter.threads.JMeterThread.run(JMeterThread.java:255) [ApacheJMeter_core.jar:5.2.1]
	at java.lang.Thread.run(Thread.java:748) [?:1.8.0_282]
2021-05-03 20:47:32,860 INFO o.a.j.t.JMeterThread: Thread finished: P3 1-1
2021-05-03 20:47:32,860 INFO o.a.j.e.StandardJMeterEngine: Notifying test listeners of end of test
2021-05-03 20:47:32,860 INFO o.a.j.g.u.JMeterMenuBar: setRunning(false, *local*)
2021-05-03 20:49:55,855 INFO o.a.j.e.StandardJMeterEngine: Running the test!
2021-05-03 20:49:55,855 INFO o.a.j.s.SampleEvent: List of sample_variables: []
2021-05-03 20:49:55,856 INFO o.a.j.g.u.JMeterMenuBar: setRunning(true, *local*)
2021-05-03 20:49:56,062 INFO o.a.j.e.StandardJMeterEngine: Starting ThreadGroup: 1 : P3
2021-05-03 20:49:56,062 INFO o.a.j.e.StandardJMeterEngine: Starting 1 threads for group P3.
2021-05-03 20:49:56,062 INFO o.a.j.e.StandardJMeterEngine: Thread will continue on error
2021-05-03 20:49:56,062 INFO o.a.j.t.ThreadGroup: Starting thread group... number=1 threads=1 ramp-up=5 delayedStart=false
2021-05-03 20:49:56,062 INFO o.a.j.t.ThreadGroup: Started thread group number 1
2021-05-03 20:49:56,062 INFO o.a.j.e.StandardJMeterEngine: All thread groups have been started
2021-05-03 20:49:56,063 INFO o.a.j.t.JMeterThread: Thread started: P3 1-1
2021-05-03 20:49:56,063 INFO o.a.j.s.FileServer: Stored: datagen/listado.csv
2021-05-03 20:49:56,063 ERROR o.a.j.t.JMeterThread: Test failed!
java.lang.IllegalArgumentException: File listado.csv must exist and be readable
	at org.apache.jmeter.services.FileServer.createBufferedReader(FileServer.java:425) ~[ApacheJMeter_core.jar:5.2.1]
	at org.apache.jmeter.services.FileServer.readLine(FileServer.java:341) ~[ApacheJMeter_core.jar:5.2.1]
	at org.apache.jmeter.config.CSVDataSet.iterationStart(CSVDataSet.java:211) ~[ApacheJMeter_components.jar:5.2.1]
	at org.apache.jmeter.control.GenericController.fireIterationStart(GenericController.java:399) ~[ApacheJMeter_core.jar:5.2.1]
	at org.apache.jmeter.control.GenericController.fireIterEvents(GenericController.java:391) ~[ApacheJMeter_core.jar:5.2.1]
	at org.apache.jmeter.control.GenericController.next(GenericController.java:160) ~[ApacheJMeter_core.jar:5.2.1]
	at org.apache.jmeter.control.LoopController.next(LoopController.java:135) ~[ApacheJMeter_core.jar:5.2.1]
	at org.apache.jmeter.threads.AbstractThreadGroup.next(AbstractThreadGroup.java:92) ~[ApacheJMeter_core.jar:5.2.1]
	at org.apache.jmeter.threads.JMeterThread.run(JMeterThread.java:255) [ApacheJMeter_core.jar:5.2.1]
	at java.lang.Thread.run(Thread.java:748) [?:1.8.0_282]
2021-05-03 20:49:56,064 INFO o.a.j.t.JMeterThread: Thread finished: P3 1-1
2021-05-03 20:49:56,064 INFO o.a.j.e.StandardJMeterEngine: Notifying test listeners of end of test
2021-05-03 20:49:56,064 INFO o.a.j.g.u.JMeterMenuBar: setRunning(false, *local*)
2021-05-03 20:50:11,689 INFO o.a.j.e.StandardJMeterEngine: Running the test!
2021-05-03 20:50:11,690 INFO o.a.j.s.SampleEvent: List of sample_variables: []
2021-05-03 20:50:11,691 INFO o.a.j.g.u.JMeterMenuBar: setRunning(true, *local*)
2021-05-03 20:50:11,691 INFO o.a.j.e.StandardJMeterEngine: Starting ThreadGroup: 1 : P3
2021-05-03 20:50:11,691 INFO o.a.j.e.StandardJMeterEngine: Starting 1 threads for group P3.
2021-05-03 20:50:11,691 INFO o.a.j.e.StandardJMeterEngine: Thread will continue on error
2021-05-03 20:50:11,692 INFO o.a.j.t.ThreadGroup: Starting thread group... number=1 threads=1 ramp-up=5 delayedStart=false
2021-05-03 20:50:11,694 INFO o.a.j.t.ThreadGroup: Started thread group number 1
2021-05-03 20:50:11,694 INFO o.a.j.e.StandardJMeterEngine: All thread groups have been started
2021-05-03 20:50:11,695 INFO o.a.j.t.JMeterThread: Thread started: P3 1-1
2021-05-03 20:50:11,695 INFO o.a.j.s.FileServer: Stored: datagen/listado.csv
2021-05-03 20:50:11,695 ERROR o.a.j.t.JMeterThread: Test failed!
java.lang.IllegalArgumentException: File listado.csv must exist and be readable
	at org.apache.jmeter.services.FileServer.createBufferedReader(FileServer.java:425) ~[ApacheJMeter_core.jar:5.2.1]
	at org.apache.jmeter.services.FileServer.readLine(FileServer.java:341) ~[ApacheJMeter_core.jar:5.2.1]
	at org.apache.jmeter.config.CSVDataSet.iterationStart(CSVDataSet.java:211) ~[ApacheJMeter_components.jar:5.2.1]
	at org.apache.jmeter.control.GenericController.fireIterationStart(GenericController.java:399) ~[ApacheJMeter_core.jar:5.2.1]
	at org.apache.jmeter.control.GenericController.fireIterEvents(GenericController.java:391) ~[ApacheJMeter_core.jar:5.2.1]
	at org.apache.jmeter.control.GenericController.next(GenericController.java:160) ~[ApacheJMeter_core.jar:5.2.1]
	at org.apache.jmeter.control.LoopController.next(LoopController.java:135) ~[ApacheJMeter_core.jar:5.2.1]
	at org.apache.jmeter.threads.AbstractThreadGroup.next(AbstractThreadGroup.java:92) ~[ApacheJMeter_core.jar:5.2.1]
	at org.apache.jmeter.threads.JMeterThread.run(JMeterThread.java:255) [ApacheJMeter_core.jar:5.2.1]
	at java.lang.Thread.run(Thread.java:748) [?:1.8.0_282]
2021-05-03 20:50:11,696 INFO o.a.j.t.JMeterThread: Thread finished: P3 1-1
2021-05-03 20:50:11,696 INFO o.a.j.e.StandardJMeterEngine: Notifying test listeners of end of test
2021-05-03 20:50:11,696 INFO o.a.j.g.u.JMeterMenuBar: setRunning(false, *local*)
